# JRE version: OpenJDK Runtime Environment (17.0.6) (build 17.0.6+0-b2043.56-10027231)
# Java VM: OpenJDK 64-Bit Server VM (17.0.6+0-b2043.56-10027231, mixed mode, tiered, compressed oops, compressed class ptrs, g1 gc, windows-amd64)
GC Precious Log:
 CPUs: 8 total, 8 available
 Memory: 7955M
 Large Page Support: Disabled
 NUMA Support: Disabled
 Compressed Oops: Enabled (Zero based)
 Heap Region Size: 2M
 Heap Min Capacity: 8M
 Heap Initial Capacity: 126M
 Heap Max Capacity: 4G
 Pre-touch: Disabled
 Parallel Workers: 8
 Concurrent Workers: 2
 Concurrent Refinement Workers: 8
 Periodic GC: Disabled
Heap:
 garbage-first heap   total 729088K, used 353301K [0x0000000700000000, 0x0000000800000000)
  region size 2048K, 85 young (174080K), 4 survivors (8192K)
 Metaspace       used 115258K, committed 116736K, reserved 1155072K
  class space    used 15709K, committed 16320K, reserved 1048576K
GC Heap History (20 events):
Event: 29.095 GC heap before
{Heap before GC invocations=57 (full 0):
 garbage-first heap   total 311296K, used 149819K [0x0000000700000000, 0x0000000800000000)
  region size 2048K, 8 young (16384K), 7 survivors (14336K)
 Metaspace       used 99755K, committed 100736K, reserved 1138688K
  class space    used 13727K, committed 14144K, reserved 1048576K
}
Event: 29.112 GC heap after
{Heap after GC invocations=58 (full 0):
 garbage-first heap   total 311296K, used 149300K [0x0000000700000000, 0x0000000800000000)
  region size 2048K, 1 young (2048K), 1 survivors (2048K)
 Metaspace       used 99755K, committed 100736K, reserved 1138688K
  class space    used 13727K, committed 14144K, reserved 1048576K
}
Event: 35.507 GC heap before
{Heap before GC invocations=58 (full 0):
 garbage-first heap   total 311296K, used 225076K [0x0000000700000000, 0x0000000800000000)
  region size 2048K, 39 young (79872K), 1 survivors (2048K)
 Metaspace       used 101620K, committed 102656K, reserved 1138688K
  class space    used 14077K, committed 14528K, reserved 1048576K
}
Event: 35.517 GC heap after
{Heap after GC invocations=59 (full 0):
 garbage-first heap   total 311296K, used 153708K [0x0000000700000000, 0x0000000800000000)
  region size 2048K, 4 young (8192K), 4 survivors (8192K)
 Metaspace       used 101620K, committed 102656K, reserved 1138688K
  class space    used 14077K, committed 14528K, reserved 1048576K
}
Event: 37.881 GC heap before
{Heap before GC invocations=60 (full 0):
 garbage-first heap   total 311296K, used 231532K [0x0000000700000000, 0x0000000800000000)
  region size 2048K, 43 young (88064K), 4 survivors (8192K)
 Metaspace       used 103822K, committed 104960K, reserved 1146880K
  class space    used 14280K, committed 14784K, reserved 1048576K
}
Event: 37.892 GC heap after
{Heap after GC invocations=61 (full 0):
 garbage-first heap   total 311296K, used 157900K [0x0000000700000000, 0x0000000800000000)
  region size 2048K, 5 young (10240K), 5 survivors (10240K)
 Metaspace       used 103822K, committed 104960K, reserved 1146880K
  class space    used 14280K, committed 14784K, reserved 1048576K
}
Event: 38.008 GC heap before
{Heap before GC invocations=61 (full 0):
 garbage-first heap   total 311296K, used 161996K [0x0000000700000000, 0x0000000800000000)
  region size 2048K, 7 young (14336K), 5 survivors (10240K)
 Metaspace       used 103866K, committed 104960K, reserved 1146880K
  class space    used 14283K, committed 14784K, reserved 1048576K
}
Event: 38.020 GC heap after
{Heap after GC invocations=62 (full 0):
 garbage-first heap   total 311296K, used 158686K [0x0000000700000000, 0x0000000800000000)
  region size 2048K, 1 young (2048K), 1 survivors (2048K)
 Metaspace       used 103866K, committed 104960K, reserved 1146880K
  class space    used 14283K, committed 14784K, reserved 1048576K
}
Event: 39.620 GC heap before
{Heap before GC invocations=62 (full 0):
 garbage-first heap   total 311296K, used 240606K [0x0000000700000000, 0x0000000800000000)
  region size 2048K, 42 young (86016K), 1 survivors (2048K)
 Metaspace       used 105904K, committed 107072K, reserved 1146880K
  class space    used 14515K, committed 15040K, reserved 1048576K
}
Event: 39.629 GC heap after
{Heap after GC invocations=63 (full 0):
 garbage-first heap   total 311296K, used 165573K [0x0000000700000000, 0x0000000800000000)
  region size 2048K, 5 young (10240K), 5 survivors (10240K)
 Metaspace       used 105904K, committed 107072K, reserved 1146880K
  class space    used 14515K, committed 15040K, reserved 1048576K
}
Event: 40.926 GC heap before
{Heap before GC invocations=63 (full 0):
 garbage-first heap   total 311296K, used 243397K [0x0000000700000000, 0x0000000800000000)
  region size 2048K, 44 young (90112K), 5 survivors (10240K)
 Metaspace       used 107009K, committed 108224K, reserved 1146880K
  class space    used 14640K, committed 15168K, reserved 1048576K
}
Event: 40.939 GC heap after
{Heap after GC invocations=64 (full 0):
 garbage-first heap   total 311296K, used 171416K [0x0000000700000000, 0x0000000800000000)
  region size 2048K, 3 young (6144K), 3 survivors (6144K)
 Metaspace       used 107009K, committed 108224K, reserved 1146880K
  class space    used 14640K, committed 15168K, reserved 1048576K
}
Event: 542.958 GC heap before
{Heap before GC invocations=64 (full 0):
 garbage-first heap   total 311296K, used 251288K [0x0000000700000000, 0x0000000800000000)
  region size 2048K, 42 young (86016K), 3 survivors (6144K)
 Metaspace       used 108101K, committed 109440K, reserved 1146880K
  class space    used 14781K, committed 15360K, reserved 1048576K
}
Event: 543.033 GC heap after
{Heap after GC invocations=65 (full 0):
 garbage-first heap   total 311296K, used 174499K [0x0000000700000000, 0x0000000800000000)
  region size 2048K, 5 young (10240K), 5 survivors (10240K)
 Metaspace       used 108101K, committed 109440K, reserved 1146880K
  class space    used 14781K, committed 15360K, reserved 1048576K
}
Event: 705.064 GC heap before
{Heap before GC invocations=65 (full 0):
 garbage-first heap   total 311296K, used 252323K [0x0000000700000000, 0x0000000800000000)
  region size 2048K, 44 young (90112K), 5 survivors (10240K)
 Metaspace       used 109154K, committed 110528K, reserved 1146880K
  class space    used 14876K, committed 15488K, reserved 1048576K
}
Event: 705.102 GC heap after
{Heap after GC invocations=66 (full 0):
 garbage-first heap   total 311296K, used 183833K [0x0000000700000000, 0x0000000800000000)
  region size 2048K, 6 young (12288K), 6 survivors (12288K)
 Metaspace       used 109154K, committed 110528K, reserved 1146880K
  class space    used 14876K, committed 15488K, reserved 1048576K
}
Event: 706.150 GC heap before
{Heap before GC invocations=66 (full 0):
 garbage-first heap   total 311296K, used 255513K [0x0000000700000000, 0x0000000800000000)
  region size 2048K, 41 young (83968K), 6 survivors (12288K)
 Metaspace       used 112437K, committed 113728K, reserved 1146880K
  class space    used 15415K, committed 16000K, reserved 1048576K
}
Event: 706.190 GC heap after
{Heap after GC invocations=67 (full 0):
 garbage-first heap   total 311296K, used 188243K [0x0000000700000000, 0x0000000800000000)
  region size 2048K, 3 young (6144K), 3 survivors (6144K)
 Metaspace       used 112437K, committed 113728K, reserved 1146880K
  class space    used 15415K, committed 16000K, reserved 1048576K
}
Event: 707.198 GC heap before
{Heap before GC invocations=67 (full 0):
 garbage-first heap   total 311296K, used 255827K [0x0000000700000000, 0x0000000800000000)
  region size 2048K, 37 young (75776K), 3 survivors (6144K)
 Metaspace       used 114508K, committed 115840K, reserved 1155072K
  class space    used 15642K, committed 16192K, reserved 1048576K
}
Event: 707.212 GC heap after
{Heap after GC invocations=68 (full 0):
 garbage-first heap   total 729088K, used 191509K [0x0000000700000000, 0x0000000800000000)
  region size 2048K, 4 young (8192K), 4 survivors (8192K)
 Metaspace       used 114508K, committed 115840K, reserved 1155072K
  class space    used 15642K, committed 16192K, reserved 1048576K
}

