# JRE version: OpenJDK Runtime Environment (17.0.6) (build 17.0.6+0-b2043.56-10027231)
# Java VM: OpenJDK 64-Bit Server VM (17.0.6+0-b2043.56-10027231, mixed mode, tiered, compressed oops, compressed class ptrs, g1 gc, windows-amd64)
GC Precious Log:
 CPUs: 8 total, 8 available
 Memory: 7955M
 Large Page Support: Disabled
 NUMA Support: Disabled
 Compressed Oops: Enabled (Zero based)
 Heap Region Size: 2M
 Heap Min Capacity: 8M
 Heap Initial Capacity: 126M
 Heap Max Capacity: 4G
 Pre-touch: Disabled
 Parallel Workers: 8
 Concurrent Workers: 2
 Concurrent Refinement Workers: 8
 Periodic GC: Disabled
Heap:
 garbage-first heap   total 143360K, used 94467K [0x00000004d5400000, 0x00000005d5400000)
  region size 2048K, 7 young (14336K), 1 survivors (2048K)
 Metaspace       used 87610K, committed 88320K, reserved 1130496K
  class space    used 12062K, committed 12352K, reserved 1048576K
GC Heap History (20 events):
Event: 32.981 GC heap before
{Heap before GC invocations=38 (full 0):
 garbage-first heap   total 129024K, used 94605K [0x00000004d5400000, 0x00000005d5400000)
  region size 2048K, 16 young (32768K), 3 survivors (6144K)
 Metaspace       used 75357K, committed 75968K, reserved 1122304K
  class space    used 10195K, committed 10496K, reserved 1048576K
}
Event: 32.987 GC heap after
{Heap after GC invocations=39 (full 0):
 garbage-first heap   total 129024K, used 67961K [0x00000004d5400000, 0x00000005d5400000)
  region size 2048K, 1 young (2048K), 1 survivors (2048K)
 Metaspace       used 75357K, committed 75968K, reserved 1122304K
  class space    used 10195K, committed 10496K, reserved 1048576K
}
Event: 35.338 GC heap before
{Heap before GC invocations=39 (full 0):
 garbage-first heap   total 129024K, used 96633K [0x00000004d5400000, 0x00000005d5400000)
  region size 2048K, 15 young (30720K), 1 survivors (2048K)
 Metaspace       used 77833K, committed 78464K, reserved 1122304K
  class space    used 10504K, committed 10752K, reserved 1048576K
}
Event: 35.353 GC heap after
{Heap after GC invocations=40 (full 0):
 garbage-first heap   total 129024K, used 69186K [0x00000004d5400000, 0x00000005d5400000)
  region size 2048K, 2 young (4096K), 2 survivors (4096K)
 Metaspace       used 77833K, committed 78464K, reserved 1122304K
  class space    used 10504K, committed 10752K, reserved 1048576K
}
Event: 36.243 GC heap before
{Heap before GC invocations=41 (full 0):
 garbage-first heap   total 129024K, used 97858K [0x00000004d5400000, 0x00000005d5400000)
  region size 2048K, 16 young (32768K), 2 survivors (4096K)
 Metaspace       used 79408K, committed 80064K, reserved 1122304K
  class space    used 10716K, committed 11008K, reserved 1048576K
}
Event: 36.251 GC heap after
{Heap after GC invocations=42 (full 0):
 garbage-first heap   total 129024K, used 71383K [0x00000004d5400000, 0x00000005d5400000)
  region size 2048K, 2 young (4096K), 2 survivors (4096K)
 Metaspace       used 79408K, committed 80064K, reserved 1122304K
  class space    used 10716K, committed 11008K, reserved 1048576K
}
Event: 36.694 GC heap before
{Heap before GC invocations=42 (full 0):
 garbage-first heap   total 129024K, used 100055K [0x00000004d5400000, 0x00000005d5400000)
  region size 2048K, 16 young (32768K), 2 survivors (4096K)
 Metaspace       used 79847K, committed 80448K, reserved 1122304K
  class space    used 10795K, committed 11072K, reserved 1048576K
}
Event: 36.703 GC heap after
{Heap after GC invocations=43 (full 0):
 garbage-first heap   total 129024K, used 73391K [0x00000004d5400000, 0x00000005d5400000)
  region size 2048K, 1 young (2048K), 1 survivors (2048K)
 Metaspace       used 79847K, committed 80448K, reserved 1122304K
  class space    used 10795K, committed 11072K, reserved 1048576K
}
Event: 37.560 GC heap before
{Heap before GC invocations=44 (full 0):
 garbage-first heap   total 129024K, used 102063K [0x00000004d5400000, 0x00000005d5400000)
  region size 2048K, 15 young (30720K), 1 survivors (2048K)
 Metaspace       used 79952K, committed 80640K, reserved 1122304K
  class space    used 10808K, committed 11136K, reserved 1048576K
}
Event: 37.566 GC heap after
{Heap after GC invocations=45 (full 0):
 garbage-first heap   total 129024K, used 74993K [0x00000004d5400000, 0x00000005d5400000)
  region size 2048K, 2 young (4096K), 2 survivors (4096K)
 Metaspace       used 79952K, committed 80640K, reserved 1122304K
  class space    used 10808K, committed 11136K, reserved 1048576K
}
Event: 38.335 GC heap before
{Heap before GC invocations=45 (full 0):
 garbage-first heap   total 129024K, used 103665K [0x00000004d5400000, 0x00000005d5400000)
  region size 2048K, 16 young (32768K), 2 survivors (4096K)
 Metaspace       used 80910K, committed 81600K, reserved 1122304K
  class space    used 10923K, committed 11200K, reserved 1048576K
}
Event: 38.344 GC heap after
{Heap after GC invocations=46 (full 0):
 garbage-first heap   total 129024K, used 77575K [0x00000004d5400000, 0x00000005d5400000)
  region size 2048K, 2 young (4096K), 2 survivors (4096K)
 Metaspace       used 80910K, committed 81600K, reserved 1122304K
  class space    used 10923K, committed 11200K, reserved 1048576K
}
Event: 40.857 GC heap before
{Heap before GC invocations=47 (full 0):
 garbage-first heap   total 133120K, used 104199K [0x00000004d5400000, 0x00000005d5400000)
  region size 2048K, 15 young (30720K), 2 survivors (4096K)
 Metaspace       used 83637K, committed 84288K, reserved 1122304K
  class space    used 11421K, committed 11712K, reserved 1048576K
}
Event: 40.871 GC heap after
{Heap after GC invocations=48 (full 0):
 garbage-first heap   total 133120K, used 79487K [0x00000004d5400000, 0x00000005d5400000)
  region size 2048K, 1 young (2048K), 1 survivors (2048K)
 Metaspace       used 83637K, committed 84288K, reserved 1122304K
  class space    used 11421K, committed 11712K, reserved 1048576K
}
Event: 42.169 GC heap before
{Heap before GC invocations=48 (full 0):
 garbage-first heap   total 133120K, used 108159K [0x00000004d5400000, 0x00000005d5400000)
  region size 2048K, 15 young (30720K), 1 survivors (2048K)
 Metaspace       used 86381K, committed 87104K, reserved 1130496K
  class space    used 11877K, committed 12224K, reserved 1048576K
}
Event: 42.177 GC heap after
{Heap after GC invocations=49 (full 0):
 garbage-first heap   total 133120K, used 81070K [0x00000004d5400000, 0x00000005d5400000)
  region size 2048K, 2 young (4096K), 2 survivors (4096K)
 Metaspace       used 86381K, committed 87104K, reserved 1130496K
  class space    used 11877K, committed 12224K, reserved 1048576K
}
Event: 42.828 GC heap before
{Heap before GC invocations=50 (full 0):
 garbage-first heap   total 143360K, used 109742K [0x00000004d5400000, 0x00000005d5400000)
  region size 2048K, 16 young (32768K), 2 survivors (4096K)
 Metaspace       used 87091K, committed 87808K, reserved 1130496K
  class space    used 11985K, committed 12288K, reserved 1048576K
}
Event: 42.839 GC heap after
{Heap after GC invocations=51 (full 0):
 garbage-first heap   total 143360K, used 84564K [0x00000004d5400000, 0x00000005d5400000)
  region size 2048K, 2 young (4096K), 2 survivors (4096K)
 Metaspace       used 87091K, committed 87808K, reserved 1130496K
  class space    used 11985K, committed 12288K, reserved 1048576K
}
Event: 42.904 GC heap before
{Heap before GC invocations=51 (full 0):
 garbage-first heap   total 143360K, used 86612K [0x00000004d5400000, 0x00000005d5400000)
  region size 2048K, 3 young (6144K), 2 survivors (4096K)
 Metaspace       used 87182K, committed 87872K, reserved 1130496K
  class space    used 11998K, committed 12288K, reserved 1048576K
}
Event: 42.914 GC heap after
{Heap after GC invocations=52 (full 0):
 garbage-first heap   total 143360K, used 84227K [0x00000004d5400000, 0x00000005d5400000)
  region size 2048K, 1 young (2048K), 1 survivors (2048K)
 Metaspace       used 87182K, committed 87872K, reserved 1130496K
  class space    used 11998K, committed 12288K, reserved 1048576K
}

