# JRE version: OpenJDK Runtime Environment (17.0.6) (build 17.0.6+0-b2043.56-10027231)
# Java VM: OpenJDK 64-Bit Server VM (17.0.6+0-b2043.56-10027231, mixed mode, tiered, compressed oops, compressed class ptrs, g1 gc, windows-amd64)
GC Precious Log:
 CPUs: 8 total, 8 available
 Memory: 7955M
 Large Page Support: Disabled
 NUMA Support: Disabled
 Compressed Oops: Enabled (Zero based)
 Heap Region Size: 2M
 Heap Min Capacity: 8M
 Heap Initial Capacity: 126M
 Heap Max Capacity: 4G
 Pre-touch: Disabled
 Parallel Workers: 8
 Concurrent Workers: 2
 Concurrent Refinement Workers: 8
 Periodic GC: Disabled
Heap:
 garbage-first heap   total 294912K, used 164831K [0x0000000700000000, 0x0000000800000000)
  region size 2048K, 12 young (24576K), 6 survivors (12288K)
 Metaspace       used 101009K, committed 102016K, reserved 1138688K
  class space    used 13924K, committed 14400K, reserved 1048576K
GC Heap History (20 events):
Event: 15.803 GC heap before
{Heap before GC invocations=35 (full 0):
 garbage-first heap   total 147456K, used 111617K [0x0000000700000000, 0x0000000800000000)
  region size 2048K, 22 young (45056K), 2 survivors (4096K)
 Metaspace       used 79316K, committed 79936K, reserved 1122304K
  class space    used 10718K, committed 11008K, reserved 1048576K
}
Event: 15.812 GC heap after
{Heap after GC invocations=36 (full 0):
 garbage-first heap   total 147456K, used 72378K [0x0000000700000000, 0x0000000800000000)
  region size 2048K, 3 young (6144K), 3 survivors (6144K)
 Metaspace       used 79316K, committed 79936K, reserved 1122304K
  class space    used 10718K, committed 11008K, reserved 1048576K
}
Event: 15.817 GC heap before
{Heap before GC invocations=36 (full 0):
 garbage-first heap   total 147456K, used 74426K [0x0000000700000000, 0x0000000800000000)
  region size 2048K, 4 young (8192K), 3 survivors (6144K)
 Metaspace       used 79316K, committed 79936K, reserved 1122304K
  class space    used 10718K, committed 11008K, reserved 1048576K
}
Event: 15.822 GC heap after
{Heap after GC invocations=37 (full 0):
 garbage-first heap   total 147456K, used 71661K [0x0000000700000000, 0x0000000800000000)
  region size 2048K, 1 young (2048K), 1 survivors (2048K)
 Metaspace       used 79316K, committed 79936K, reserved 1122304K
  class space    used 10718K, committed 11008K, reserved 1048576K
}
Event: 16.321 GC heap before
{Heap before GC invocations=37 (full 0):
 garbage-first heap   total 147456K, used 112621K [0x0000000700000000, 0x0000000800000000)
  region size 2048K, 21 young (43008K), 1 survivors (2048K)
 Metaspace       used 79802K, committed 80384K, reserved 1122304K
  class space    used 10805K, committed 11072K, reserved 1048576K
}
Event: 16.326 GC heap after
{Heap after GC invocations=38 (full 0):
 garbage-first heap   total 147456K, used 73255K [0x0000000700000000, 0x0000000800000000)
  region size 2048K, 2 young (4096K), 2 survivors (4096K)
 Metaspace       used 79802K, committed 80384K, reserved 1122304K
  class space    used 10805K, committed 11072K, reserved 1048576K
}
Event: 17.261 GC heap before
{Heap before GC invocations=39 (full 0):
 garbage-first heap   total 147456K, used 114215K [0x0000000700000000, 0x0000000800000000)
  region size 2048K, 22 young (45056K), 2 survivors (4096K)
 Metaspace       used 80340K, committed 81024K, reserved 1122304K
  class space    used 10866K, committed 11200K, reserved 1048576K
}
Event: 17.269 GC heap after
{Heap after GC invocations=40 (full 0):
 garbage-first heap   total 147456K, used 76923K [0x0000000700000000, 0x0000000800000000)
  region size 2048K, 3 young (6144K), 3 survivors (6144K)
 Metaspace       used 80340K, committed 81024K, reserved 1122304K
  class space    used 10866K, committed 11200K, reserved 1048576K
}
Event: 17.320 GC heap before
{Heap before GC invocations=40 (full 0):
 garbage-first heap   total 147456K, used 78971K [0x0000000700000000, 0x0000000800000000)
  region size 2048K, 4 young (8192K), 3 survivors (6144K)
 Metaspace       used 80620K, committed 81280K, reserved 1122304K
  class space    used 10897K, committed 11200K, reserved 1048576K
}
Event: 17.328 GC heap after
{Heap after GC invocations=41 (full 0):
 garbage-first heap   total 147456K, used 76717K [0x0000000700000000, 0x0000000800000000)
  region size 2048K, 1 young (2048K), 1 survivors (2048K)
 Metaspace       used 80620K, committed 81280K, reserved 1122304K
  class space    used 10897K, committed 11200K, reserved 1048576K
}
Event: 18.132 GC heap before
{Heap before GC invocations=41 (full 0):
 garbage-first heap   total 147456K, used 115629K [0x0000000700000000, 0x0000000800000000)
  region size 2048K, 20 young (40960K), 1 survivors (2048K)
 Metaspace       used 84732K, committed 85376K, reserved 1130496K
  class space    used 11669K, committed 11968K, reserved 1048576K
}
Event: 18.140 GC heap after
{Heap after GC invocations=42 (full 0):
 garbage-first heap   total 331776K, used 78336K [0x0000000700000000, 0x0000000800000000)
  region size 2048K, 2 young (4096K), 2 survivors (4096K)
 Metaspace       used 84732K, committed 85376K, reserved 1130496K
  class space    used 11669K, committed 11968K, reserved 1048576K
}
Event: 20.892 GC heap before
{Heap before GC invocations=43 (full 0):
 garbage-first heap   total 294912K, used 254464K [0x0000000700000000, 0x0000000800000000)
  region size 2048K, 86 young (176128K), 2 survivors (4096K)
 Metaspace       used 90423K, committed 91200K, reserved 1130496K
  class space    used 12443K, committed 12800K, reserved 1048576K
}
Event: 20.914 GC heap after
{Heap after GC invocations=44 (full 0):
 garbage-first heap   total 294912K, used 108196K [0x0000000700000000, 0x0000000800000000)
  region size 2048K, 11 young (22528K), 11 survivors (22528K)
 Metaspace       used 90423K, committed 91200K, reserved 1130496K
  class space    used 12443K, committed 12800K, reserved 1048576K
}
Event: 22.773 GC heap before
{Heap before GC invocations=44 (full 0):
 garbage-first heap   total 294912K, used 208548K [0x0000000700000000, 0x0000000800000000)
  region size 2048K, 60 young (122880K), 11 survivors (22528K)
 Metaspace       used 93553K, committed 94464K, reserved 1130496K
  class space    used 12905K, committed 13312K, reserved 1048576K
}
Event: 22.802 GC heap after
{Heap after GC invocations=45 (full 0):
 garbage-first heap   total 294912K, used 127249K [0x0000000700000000, 0x0000000800000000)
  region size 2048K, 8 young (16384K), 8 survivors (16384K)
 Metaspace       used 93553K, committed 94464K, reserved 1130496K
  class space    used 12905K, committed 13312K, reserved 1048576K
}
Event: 24.640 GC heap before
{Heap before GC invocations=45 (full 0):
 garbage-first heap   total 294912K, used 213265K [0x0000000700000000, 0x0000000800000000)
  region size 2048K, 50 young (102400K), 8 survivors (16384K)
 Metaspace       used 99220K, committed 100224K, reserved 1138688K
  class space    used 13662K, committed 14080K, reserved 1048576K
}
Event: 24.666 GC heap after
{Heap after GC invocations=46 (full 0):
 garbage-first heap   total 294912K, used 143353K [0x0000000700000000, 0x0000000800000000)
  region size 2048K, 7 young (14336K), 7 survivors (14336K)
 Metaspace       used 99220K, committed 100224K, reserved 1138688K
  class space    used 13662K, committed 14080K, reserved 1048576K
}
Event: 26.951 GC heap before
{Heap before GC invocations=46 (full 0):
 garbage-first heap   total 294912K, used 219129K [0x0000000700000000, 0x0000000800000000)
  region size 2048K, 45 young (92160K), 7 survivors (14336K)
 Metaspace       used 100572K, committed 101632K, reserved 1138688K
  class space    used 13847K, committed 14336K, reserved 1048576K
}
Event: 26.983 GC heap after
{Heap after GC invocations=47 (full 0):
 garbage-first heap   total 294912K, used 154591K [0x0000000700000000, 0x0000000800000000)
  region size 2048K, 6 young (12288K), 6 survivors (12288K)
 Metaspace       used 100572K, committed 101632K, reserved 1138688K
  class space    used 13847K, committed 14336K, reserved 1048576K
}

