# JRE version: OpenJDK Runtime Environment (17.0.6) (build 17.0.6+0-b2043.56-9586694)
# Java VM: OpenJDK 64-Bit Server VM (17.0.6+0-b2043.56-9586694, mixed mode, tiered, compressed oops, compressed class ptrs, g1 gc, windows-amd64)
GC Precious Log:
 CPUs: 8 total, 8 available
 Memory: 7955M
 Large Page Support: Disabled
 NUMA Support: Disabled
 Compressed Oops: Enabled (32-bit)
 Heap Region Size: 1M
 Heap Min Capacity: 8M
 Heap Initial Capacity: 126M
 Heap Max Capacity: 1536M
 Pre-touch: Disabled
 Parallel Workers: 8
 Concurrent Workers: 2
 Concurrent Refinement Workers: 8
 Periodic GC: Disabled
Heap:
 garbage-first heap   total 129024K, used 44488K [0x00000000a0000000, 0x0000000100000000)
  region size 1024K, 3 young (3072K), 3 survivors (3072K)
 Metaspace       used 56909K, committed 57280K, reserved 1105920K
  class space    used 7484K, committed 7680K, reserved 1048576K
GC Heap History (20 events):
Event: 9.103 GC heap after
{Heap after GC invocations=12 (full 0):
 garbage-first heap   total 68608K, used 31337K [0x00000000a0000000, 0x0000000100000000)
  region size 1024K, 4 young (4096K), 4 survivors (4096K)
 Metaspace       used 47977K, committed 48320K, reserved 1097728K
  class space    used 6321K, committed 6464K, reserved 1048576K
}
Event: 9.586 GC heap before
{Heap before GC invocations=12 (full 0):
 garbage-first heap   total 68608K, used 51817K [0x00000000a0000000, 0x0000000100000000)
  region size 1024K, 25 young (25600K), 4 survivors (4096K)
 Metaspace       used 49060K, committed 49472K, reserved 1097728K
  class space    used 6468K, committed 6656K, reserved 1048576K
}
Event: 9.593 GC heap after
{Heap after GC invocations=13 (full 0):
 garbage-first heap   total 68608K, used 32479K [0x00000000a0000000, 0x0000000100000000)
  region size 1024K, 4 young (4096K), 4 survivors (4096K)
 Metaspace       used 49060K, committed 49472K, reserved 1097728K
  class space    used 6468K, committed 6656K, reserved 1048576K
}
Event: 9.953 GC heap before
{Heap before GC invocations=13 (full 0):
 garbage-first heap   total 68608K, used 45791K [0x00000000a0000000, 0x0000000100000000)
  region size 1024K, 19 young (19456K), 4 survivors (4096K)
 Metaspace       used 50863K, committed 51200K, reserved 1097728K
  class space    used 6763K, committed 6912K, reserved 1048576K
}
Event: 9.959 GC heap after
{Heap after GC invocations=14 (full 0):
 garbage-first heap   total 82944K, used 33480K [0x00000000a0000000, 0x0000000100000000)
  region size 1024K, 3 young (3072K), 3 survivors (3072K)
 Metaspace       used 50863K, committed 51200K, reserved 1097728K
  class space    used 6763K, committed 6912K, reserved 1048576K
}
Event: 10.471 GC heap before
{Heap before GC invocations=14 (full 0):
 garbage-first heap   total 82944K, used 64200K [0x00000000a0000000, 0x0000000100000000)
  region size 1024K, 32 young (32768K), 3 survivors (3072K)
 Metaspace       used 52809K, committed 53184K, reserved 1097728K
  class space    used 6960K, committed 7104K, reserved 1048576K
}
Event: 10.478 GC heap after
{Heap after GC invocations=15 (full 0):
 garbage-first heap   total 82944K, used 34990K [0x00000000a0000000, 0x0000000100000000)
  region size 1024K, 3 young (3072K), 3 survivors (3072K)
 Metaspace       used 52809K, committed 53184K, reserved 1097728K
  class space    used 6960K, committed 7104K, reserved 1048576K
}
Event: 11.486 GC heap before
{Heap before GC invocations=15 (full 0):
 garbage-first heap   total 82944K, used 63662K [0x00000000a0000000, 0x0000000100000000)
  region size 1024K, 31 young (31744K), 3 survivors (3072K)
 Metaspace       used 55831K, committed 56320K, reserved 1105920K
  class space    used 7381K, committed 7616K, reserved 1048576K
}
Event: 11.492 GC heap after
{Heap after GC invocations=16 (full 0):
 garbage-first heap   total 82944K, used 37162K [0x00000000a0000000, 0x0000000100000000)
  region size 1024K, 4 young (4096K), 4 survivors (4096K)
 Metaspace       used 55831K, committed 56320K, reserved 1105920K
  class space    used 7381K, committed 7616K, reserved 1048576K
}
Event: 12.771 GC heap before
{Heap before GC invocations=16 (full 0):
 garbage-first heap   total 82944K, used 67882K [0x00000000a0000000, 0x0000000100000000)
  region size 1024K, 32 young (32768K), 4 survivors (4096K)
 Metaspace       used 56648K, committed 57088K, reserved 1105920K
  class space    used 7477K, committed 7680K, reserved 1048576K
}
Event: 12.779 GC heap after
{Heap after GC invocations=17 (full 0):
 garbage-first heap   total 82944K, used 40349K [0x00000000a0000000, 0x0000000100000000)
  region size 1024K, 3 young (3072K), 3 survivors (3072K)
 Metaspace       used 56648K, committed 57088K, reserved 1105920K
  class space    used 7477K, committed 7680K, reserved 1048576K
}
Event: 12.805 GC heap before
{Heap before GC invocations=17 (full 0):
 garbage-first heap   total 82944K, used 43421K [0x00000000a0000000, 0x0000000100000000)
  region size 1024K, 8 young (8192K), 3 survivors (3072K)
 Metaspace       used 56651K, committed 57088K, reserved 1105920K
  class space    used 7477K, committed 7680K, reserved 1048576K
}
Event: 12.809 GC heap after
{Heap after GC invocations=18 (full 0):
 garbage-first heap   total 82944K, used 41170K [0x00000000a0000000, 0x0000000100000000)
  region size 1024K, 3 young (3072K), 3 survivors (3072K)
 Metaspace       used 56651K, committed 57088K, reserved 1105920K
  class space    used 7477K, committed 7680K, reserved 1048576K
}
Event: 12.950 GC heap before
{Heap before GC invocations=19 (full 0):
 garbage-first heap   total 91136K, used 60626K [0x00000000a0000000, 0x0000000100000000)
  region size 1024K, 22 young (22528K), 3 survivors (3072K)
 Metaspace       used 56629K, committed 57088K, reserved 1105920K
  class space    used 7467K, committed 7680K, reserved 1048576K
}
Event: 12.954 GC heap after
{Heap after GC invocations=20 (full 0):
 garbage-first heap   total 91136K, used 41833K [0x00000000a0000000, 0x0000000100000000)
  region size 1024K, 1 young (1024K), 1 survivors (1024K)
 Metaspace       used 56629K, committed 57088K, reserved 1105920K
  class space    used 7467K, committed 7680K, reserved 1048576K
}
Event: 13.059 GC heap before
{Heap before GC invocations=20 (full 0):
 garbage-first heap   total 91136K, used 67433K [0x00000000a0000000, 0x0000000100000000)
  region size 1024K, 26 young (26624K), 1 survivors (1024K)
 Metaspace       used 56686K, committed 57152K, reserved 1105920K
  class space    used 7477K, committed 7680K, reserved 1048576K
}
Event: 13.061 GC heap after
{Heap after GC invocations=21 (full 0):
 garbage-first heap   total 91136K, used 42277K [0x00000000a0000000, 0x0000000100000000)
  region size 1024K, 2 young (2048K), 2 survivors (2048K)
 Metaspace       used 56686K, committed 57152K, reserved 1105920K
  class space    used 7477K, committed 7680K, reserved 1048576K
}
Event: 13.212 GC heap before
{Heap before GC invocations=22 (full 0):
 garbage-first heap   total 97280K, used 67877K [0x00000000a0000000, 0x0000000100000000)
  region size 1024K, 28 young (28672K), 2 survivors (2048K)
 Metaspace       used 56799K, committed 57216K, reserved 1105920K
  class space    used 7483K, committed 7680K, reserved 1048576K
}
Event: 13.215 GC heap after
{Heap after GC invocations=23 (full 0):
 garbage-first heap   total 97280K, used 42501K [0x00000000a0000000, 0x0000000100000000)
  region size 1024K, 2 young (2048K), 2 survivors (2048K)
 Metaspace       used 56799K, committed 57216K, reserved 1105920K
  class space    used 7483K, committed 7680K, reserved 1048576K
}
Event: 13.336 GC heap before
{Heap before GC invocations=23 (full 0):
 garbage-first heap   total 97280K, used 74245K [0x00000000a0000000, 0x0000000100000000)
  region size 1024K, 33 young (33792K), 2 survivors (2048K)
 Metaspace       used 56909K, committed 57280K, reserved 1105920K
  class space    used 7484K, committed 7680K, reserved 1048576K
}

